08/01/2020 08:20:45   	   < QRCode CSC: 877cc0059175a344ee8598297cfed2ca / IdToken: 001 / tpAmb: 2 >
08/01/2020 08:20:45   	   < QRCode Layout: 4.00 / CodeQR: https://nfce.fazenda.mg.gov.br/portalnfce/sistema/qrcode.xhtml?p=31200110962965000119650010000002309939479651|2|2|08|180.00|5276484644783652703072526635376e2f654b5a6c5633777972413d|1|C74CCE0FD0ACFE38CF5B0C19291C00D3CDF3984C >
08/01/2020 08:24:33   	   < QRCode CSC: 877cc0059175a344ee8598297cfed2ca / IdToken: 001 / tpAmb: 2 >
08/01/2020 08:24:33   	   < QRCode Layout: 4.00 / CodeQR: https://nfce.fazenda.mg.gov.br/portalnfce/sistema/qrcode.xhtml?p=31200110962965000119650010000002329080270387|2|2|08|75.00|665964394b334949713830636c585539674870547741656f6342733d|1|41BD0B368FD9F40B53367FDE510D8FFD5A035936 >
08/01/2020 08:26:53   	   < QRCode CSC: 877cc0059175a344ee8598297cfed2ca / IdToken: 001 / tpAmb: 2 >
08/01/2020 08:26:53   	   < QRCode Layout: 4.00 / CodeQR: https://nfce.fazenda.mg.gov.br/portalnfce/sistema/qrcode.xhtml?p=31200110962965000119650010000002349693680410|2|2|08|15.00|56756a49453436655471315a67797342354a4e33566c6f624e77773d|1|F31BE33084575A13377B87D95473C82B9ACE77DF >
08/01/2020 08:28:39   	   < QRCode CSC: 877cc0059175a344ee8598297cfed2ca / IdToken: 001 / tpAmb: 2 >
08/01/2020 08:28:39   	   < QRCode Layout: 4.00 / CodeQR: https://nfce.fazenda.mg.gov.br/portalnfce/sistema/qrcode.xhtml?p=31200110962965000119650010000002369178868662|2|2|08|30.00|556a75532b744c726b5832616c6739635a6532637a356634706c413d|1|2AD0EA681ED25058257F718CEE0712AE1B6F91F4 >
08/01/2020 08:29:46   	   < QRCode CSC: 877cc0059175a344ee8598297cfed2ca / IdToken: 001 / tpAmb: 2 >
08/01/2020 08:29:46   	   < QRCode Layout: 4.00 / CodeQR: https://nfce.fazenda.mg.gov.br/portalnfce/sistema/qrcode.xhtml?p=31200110962965000119650010000002389034447370|2|2|08|90.00|766a32495a4977374f325547474670344b2b597a303954436c2f343d|1|803D62B947AAB4360B3C196E10B3A307ECD21852 >
08/01/2020 08:33:51   	   < QRCode CSC: 877cc0059175a344ee8598297cfed2ca / IdToken: 001 / tpAmb: 2 >
08/01/2020 08:33:51   	   < QRCode Layout: 4.00 / CodeQR: https://nfce.fazenda.mg.gov.br/portalnfce/sistema/qrcode.xhtml?p=31200110962965000119650010000002409599484073|2|2|08|90.00|484e747170586b434f534f635231567462796c6357436d4c546d553d|1|AA18CAF379D599AF4EC36F13B09010BD858F395B >
08/01/2020 08:35:27   	   < QRCode CSC: 877cc0059175a344ee8598297cfed2ca / IdToken: 001 / tpAmb: 2 >
08/01/2020 08:35:27   	   < QRCode Layout: 4.00 / CodeQR: https://nfce.fazenda.mg.gov.br/portalnfce/sistema/qrcode.xhtml?p=31200110962965000119650010000002429170550733|2|2|08|15.00|764c6c773179714b4971314345314b485a666448697968635776453d|1|6606171A51C23B3385C278358A7D2AEB5DE354E1 >
08/01/2020 08:44:07   	   < QRCode CSC: 877cc0059175a344ee8598297cfed2ca / IdToken: 001 / tpAmb: 2 >
08/01/2020 08:44:07   	   < QRCode Layout: 4.00 / CodeQR: https://nfce.fazenda.mg.gov.br/portalnfce/sistema/qrcode.xhtml?p=31200110962965000119650010000002449850084912|2|2|08|120.00|44343169347a73796f3539684630624838537159754b56523953593d|1|044914C8812C179C4BBF9DF9FC12858C745EA55B >
08/01/2020 08:57:44   	   < QRCode CSC: 877cc0059175a344ee8598297cfed2ca / IdToken: 001 / tpAmb: 2 >
08/01/2020 08:57:44   	   < QRCode Layout: 4.00 / CodeQR: https://nfce.fazenda.mg.gov.br/portalnfce/sistema/qrcode.xhtml?p=31200110962965000119650010000002469146553239|2|2|08|135.00|57577556792f54306148337241646d32457336634a394d525164453d|1|0B99730AE048C2D16EC4A117A9334E237D8BE010 >
08/01/2020 17:30:08   	   < QRCode CSC: 877cc0059175a344ee8598297cfed2ca / IdToken: 001 / tpAmb: 2 >
08/01/2020 17:30:08   	   < QRCode Layout: 4.00 / CodeQR: https://nfce.fazenda.mg.gov.br/portalnfce/sistema/qrcode.xhtml?p=31200110962965000119650010000002489734655657|2|2|08|180.00|3331364c7a6a42554c316353503876744956464c4a4e69673050553d|1|EE4CCE12C6D5C6C8059945E41A217D7DC4E74FC9 >
08/01/2020 17:30:40   	   < QRCode CSC: 877cc0059175a344ee8598297cfed2ca / IdToken: 001 / tpAmb: 2 >
08/01/2020 17:30:40   	   < QRCode Layout: 4.00 / CodeQR: https://nfce.fazenda.mg.gov.br/portalnfce/sistema/qrcode.xhtml?p=31200110962965000119650010000002509733427403|2|2|08|135.00|764a6568355351786a6f582f47746c4e6a785a79453138424231413d|1|DCBCA3E02F6BF2C50147FA8B3875D4CAC9691776 >
08/01/2020 17:31:24   	   < QRCode CSC: 877cc0059175a344ee8598297cfed2ca / IdToken: 001 / tpAmb: 2 >
08/01/2020 17:31:24   	   < QRCode Layout: 4.00 / CodeQR: https://nfce.fazenda.mg.gov.br/portalnfce/sistema/qrcode.xhtml?p=31200110962965000119650010000002529544954869|2|2|08|60.00|3379354d45757279695133697337684c684f304570494a4d5759493d|1|C4FE2D15DDEB5F68B3254CFF393457010647D754 >
08/01/2020 17:36:51   	   < QRCode CSC: 877cc0059175a344ee8598297cfed2ca / IdToken: 001 / tpAmb: 2 >
08/01/2020 17:36:51   	   < QRCode Layout: 4.00 / CodeQR: https://nfce.fazenda.mg.gov.br/portalnfce/sistema/qrcode.xhtml?p=31200110962965000119650010000002549675449356|2|2|08|144.00|456d754169785235786a4652732f5a44486a44716d5733776b2f453d|1|B053BEF18D01DA3EDF9750D3C4EAE08FCFB7F275 >
08/01/2020 17:38:26   	   < QRCode CSC: 877cc0059175a344ee8598297cfed2ca / IdToken: 001 / tpAmb: 2 >
08/01/2020 17:38:26   	   < QRCode Layout: 4.00 / CodeQR: https://nfce.fazenda.mg.gov.br/portalnfce/sistema/qrcode.xhtml?p=31200110962965000119650010000002569997447640|2|2|08|12.00|38395855797842526c317548306349335a4c3237734d794c594f673d|1|99290A60C1ACE59B37EA98664FEB4088EECB592E >
08/01/2020 17:40:04   	   < QRCode CSC: 877cc0059175a344ee8598297cfed2ca / IdToken: 001 / tpAmb: 2 >
08/01/2020 17:40:04   	   < QRCode Layout: 4.00 / CodeQR: https://nfce.fazenda.mg.gov.br/portalnfce/sistema/qrcode.xhtml?p=31200110962965000119650010000002589761626502|2|2|08|216.00|7a724e65447353374b583833364872477a4d4c50664132706a516f3d|1|51220B3E6BCFCC9DF8963DBA5A4A51ECA372F7A5 >
08/01/2020 17:41:03   	   < QRCode CSC: 877cc0059175a344ee8598297cfed2ca / IdToken: 001 / tpAmb: 2 >
08/01/2020 17:41:03   	   < QRCode Layout: 4.00 / CodeQR: https://nfce.fazenda.mg.gov.br/portalnfce/sistema/qrcode.xhtml?p=31200110962965000119650010000002609610603617|2|2|08|75.00|364a3942427a6a4b49537837663851574f6c68707166476a636c6b3d|1|A342AD57659B2853396F8E4C6AEF739847FB5D65 >
08/01/2020 17:55:14   	   < QRCode CSC: 877cc0059175a344ee8598297cfed2ca / IdToken: 001 / tpAmb: 2 >
08/01/2020 17:55:14   	   < QRCode Layout: 4.00 / CodeQR: https://nfce.fazenda.mg.gov.br/portalnfce/sistema/qrcode.xhtml?p=31200110962965000119650010000002639059513892|2|2|08|120.00|57744131444d6956516770382b5767654a37617a354a764a6a2f383d|1|0F295D6D40E472672B57C332147C33F81D5A425E >
08/01/2020 18:08:23   	   < QRCode CSC: 877cc0059175a344ee8598297cfed2ca / IdToken: 001 / tpAmb: 2 >
08/01/2020 18:08:23   	   < QRCode Layout: 4.00 / CodeQR: https://nfce.fazenda.mg.gov.br/portalnfce/sistema/qrcode.xhtml?p=31200110962965000119650010000002659593851731|2|2|08|705.00|4e7679523756644a72444b4636754c76466d64796f4537376243593d|1|79501F929C113800622B7CFC9257D24EB2556286 >
08/01/2020 18:10:53   	   < QRCode CSC: 877cc0059175a344ee8598297cfed2ca / IdToken: 001 / tpAmb: 2 >
08/01/2020 18:10:53   	   < QRCode Layout: 4.00 / CodeQR: https://nfce.fazenda.mg.gov.br/portalnfce/sistema/qrcode.xhtml?p=31200110962965000119650010000002679101568229|2|2|08|144.00|72424a766648423039636e2f504e6d796679307476367a623934413d|1|24CB78D6FBA1D2D035BB1007B685A757D6AE1128 >
08/01/2020 18:14:24   	   < QRCode CSC: 877cc0059175a344ee8598297cfed2ca / IdToken: 001 / tpAmb: 2 >
08/01/2020 18:14:24   	   < QRCode Layout: 4.00 / CodeQR: https://nfce.fazenda.mg.gov.br/portalnfce/sistema/qrcode.xhtml?p=31200110962965000119650010000002699952455277|2|2|08|90.00|3373423438684e34515544452b4f795175462f567555355763574d3d|1|A47777A8B41B41D8C481B6A219B2CE95315414DB >
08/01/2020 18:26:07   	   < QRCode CSC: 877cc0059175a344ee8598297cfed2ca / IdToken: 001 / tpAmb: 2 >
08/01/2020 18:26:07   	   < QRCode Layout: 4.00 / CodeQR: https://nfce.fazenda.mg.gov.br/portalnfce/sistema/qrcode.xhtml?p=31200110962965000119650010000002719077065938|2|2|08|30.00|793934326c665444316638326f66635273504875535258716e2f6f3d|1|BE3387C994CDC21EE5A8884A296DCFF1F09426C2 >
08/01/2020 18:31:34   	   < QRCode CSC: 877cc0059175a344ee8598297cfed2ca / IdToken: 001 / tpAmb: 2 >
08/01/2020 18:31:34   	   < QRCode Layout: 4.00 / CodeQR: https://nfce.fazenda.mg.gov.br/portalnfce/sistema/qrcode.xhtml?p=31200110962965000119650010000002739705940694|2|2|08|15.00|7039364d4a683872737236776e6d585676384348356f59717763303d|1|EFA65715F0557785916E375408C1B0D6E9A551E7 >
08/01/2020 18:35:54   	   < QRCode CSC: 877cc0059175a344ee8598297cfed2ca / IdToken: 001 / tpAmb: 2 >
08/01/2020 18:35:54   	   < QRCode Layout: 4.00 / CodeQR: https://nfce.fazenda.mg.gov.br/portalnfce/sistema/qrcode.xhtml?p=31200110962965000119650010000002759863481202|2|2|08|90.00|4c7965727939535675325262356931307649476678535763344c593d|1|6A08FB6A2E14F3ED2ACB462D6A89E69B9CD5DEBB >
08/01/2020 18:38:33   	   < QRCode CSC: 877cc0059175a344ee8598297cfed2ca / IdToken: 001 / tpAmb: 2 >
08/01/2020 18:38:33   	   < QRCode Layout: 4.00 / CodeQR: https://nfce.fazenda.mg.gov.br/portalnfce/sistema/qrcode.xhtml?p=31200110962965000119650010000002779662145250|2|2|08|660.00|70654a424c635449462f704c6e614d4c4548384e536e3378776a4d3d|1|F43BAD06A289693934BF270891972E39862C81BF >
08/01/2020 18:42:37   	   < QRCode CSC: 877cc0059175a344ee8598297cfed2ca / IdToken: 001 / tpAmb: 2 >
08/01/2020 18:42:37   	   < QRCode Layout: 4.00 / CodeQR: https://nfce.fazenda.mg.gov.br/portalnfce/sistema/qrcode.xhtml?p=31200110962965000119650010000002799754615266|2|2|08|96.00|4242364444442f436638754f65556a6673466f2f3350494d72696f3d|1|4D6539A7D28D1E110A7E7AF2FAE2D7D2BCEF58A4 >
