10/01/2020 11:06:47   	   < QRCode CSC: 877cc0059175a344ee8598297cfed2ca / IdToken: 001 / tpAmb: 2 >
10/01/2020 11:06:47   	   < QRCode Layout: 4.00 / CodeQR: https://nfce.fazenda.mg.gov.br/portalnfce/sistema/qrcode.xhtml?p=31200110962965000119650010000003409896455634|2|2|10|16.43|596743433573467851487473657743634c52424a796962542f63413d|1|F789428976A42064BB22F4A5513A96626DD8F8E4 >
10/01/2020 11:06:50   	   < QRCode CSC: 877cc0059175a344ee8598297cfed2ca / IdToken: 001 / tpAmb: 2 >
10/01/2020 11:06:50   	   < QRCode Layout: 4.00 / CodeQR: https://nfce.fazenda.mg.gov.br/portalnfce/sistema/qrcode.xhtml?p=31200110962965000119650010000003419076142005|2|2|10|16.43|51594a6c727356746239506a464d336862644267674949684a586b3d|1|9AA1A1BFE7BCA6E21611CFB73B1DEA2707B08014 >
10/01/2020 11:07:50   	   < QRCode CSC: 877cc0059175a344ee8598297cfed2ca / IdToken: 001 / tpAmb: 2 >
10/01/2020 11:07:50   	   < QRCode Layout: 4.00 / CodeQR: https://nfce.fazenda.mg.gov.br/portalnfce/sistema/qrcode.xhtml?p=31200110962965000119650010000003439579956260|2|2|10|24.45|4246505145464a4a7932703971586f63767a7a6b544d77676848343d|1|72D23B8FE167566BA5318B0129C395FBC984DCC4 >
10/01/2020 11:07:52   	   < QRCode CSC: 877cc0059175a344ee8598297cfed2ca / IdToken: 001 / tpAmb: 2 >
10/01/2020 11:07:52   	   < QRCode Layout: 4.00 / CodeQR: https://nfce.fazenda.mg.gov.br/portalnfce/sistema/qrcode.xhtml?p=31200110962965000119650010000003449908266452|2|2|10|24.45|733134614f3738313661734d6a51745048553748474d78505865493d|1|B7CC990F18CCC7F672E127FE46FDC86782760B59 >
10/01/2020 11:09:01   	   < QRCode CSC: 877cc0059175a344ee8598297cfed2ca / IdToken: 001 / tpAmb: 2 >
10/01/2020 11:09:01   	   < QRCode Layout: 4.00 / CodeQR: https://nfce.fazenda.mg.gov.br/portalnfce/sistema/qrcode.xhtml?p=31200110962965000119650010000003469445644622|2|2|10|4.68|71634d7172764436777368496462524457774c5a336a324451516f3d|1|7F876D2BE71D29D58B37655B453EBDB42DE3653D >
10/01/2020 11:19:21   	   < QRCode CSC: 877cc0059175a344ee8598297cfed2ca / IdToken: 001 / tpAmb: 2 >
10/01/2020 11:19:21   	   < QRCode Layout: 4.00 / CodeQR: https://nfce.fazenda.mg.gov.br/portalnfce/sistema/qrcode.xhtml?p=31200110962965000119650010000003489308047473|2|2|10|28.08|526951635974417743305032527246304775664a63487737616e733d|1|86358907B6579BF7E65AF9281D4183615D53D436 >
10/01/2020 12:21:23   	   < QRCode CSC: 877cc0059175a344ee8598297cfed2ca / IdToken: 001 / tpAmb: 2 >
10/01/2020 12:21:23   	   < QRCode Layout: 4.00 / CodeQR: https://nfce.fazenda.mg.gov.br/portalnfce/sistema/qrcode.xhtml?p=31200110962965000119650010000003509527198874|2|2|10|23.90|4c5072486945786f6251667a58356b36576c43537134397a7053733d|1|045BD96F376E3DF0760CD30A4581DB4B8341BAB9 >
10/01/2020 12:21:59   	   < QRCode CSC: 877cc0059175a344ee8598297cfed2ca / IdToken: 001 / tpAmb: 2 >
10/01/2020 12:21:59   	   < QRCode Layout: 4.00 / CodeQR: https://nfce.fazenda.mg.gov.br/portalnfce/sistema/qrcode.xhtml?p=31200110962965000119650010000003529364972511|2|2|10|148.68|4b7758707245707668682b7671544e37745247454131726e614c633d|1|11484CE633DCE2678BAD64FDD2D4841CAA8A559E >
10/01/2020 12:22:17   	   < QRCode CSC: 877cc0059175a344ee8598297cfed2ca / IdToken: 001 / tpAmb: 2 >
10/01/2020 12:22:17   	   < QRCode Layout: 4.00 / CodeQR: https://nfce.fazenda.mg.gov.br/portalnfce/sistema/qrcode.xhtml?p=31200110962965000119650010000003549051552640|2|2|10|4.78|4d48662b6d4c2b4e34584d53757648503456652b324c725954776f3d|1|246B0BACF80C011DC25FEB54874C3290D8D110E0 >
10/01/2020 13:09:56   	   < QRCode CSC: 877cc0059175a344ee8598297cfed2ca / IdToken: 001 / tpAmb: 2 >
10/01/2020 13:09:56   	   < QRCode Layout: 4.00 / CodeQR: https://nfce.fazenda.mg.gov.br/portalnfce/sistema/qrcode.xhtml?p=31200110962965000119650010000003569782621861|2|2|10|144.00|77623442567656576d715a664d44507952322b4f742f754e4d62383d|1|2D0095F4014E5F6D1BBA32AC86EA1D9C512A3821 >
10/01/2020 13:09:59   	   < QRCode CSC: 877cc0059175a344ee8598297cfed2ca / IdToken: 001 / tpAmb: 2 >
10/01/2020 13:09:59   	   < QRCode Layout: 4.00 / CodeQR: https://nfce.fazenda.mg.gov.br/portalnfce/sistema/qrcode.xhtml?p=31200110962965000119650010000003579747325990|2|2|10|144.00|58573659624e386e4c5543476b6c6852326f6859555852433464733d|1|6E553F21F8A94DE05470D5EC3CA5A4FD1BBD59A8 >
10/01/2020 13:10:45   	   < QRCode CSC: 877cc0059175a344ee8598297cfed2ca / IdToken: 001 / tpAmb: 2 >
10/01/2020 13:10:45   	   < QRCode Layout: 4.00 / CodeQR: https://nfce.fazenda.mg.gov.br/portalnfce/sistema/qrcode.xhtml?p=31200110962965000119650010000003599949652686|2|2|10|9.57|2b446134474b375a394b42727562524e384e58712f4144346348553d|1|78544A1144045A7B6D917C16981AB8EE02C3C828 >
10/01/2020 13:10:47   	   < QRCode CSC: 877cc0059175a344ee8598297cfed2ca / IdToken: 001 / tpAmb: 2 >
10/01/2020 13:10:47   	   < QRCode Layout: 4.00 / CodeQR: https://nfce.fazenda.mg.gov.br/portalnfce/sistema/qrcode.xhtml?p=31200110962965000119650010000003609632899506|2|2|10|9.57|592f5335685732754f546b49416966656e784a6b6a6644507456773d|1|FA2F24DF06683077BC454718D3CDEE5D119EB608 >
10/01/2020 13:11:05   	   < QRCode CSC: 877cc0059175a344ee8598297cfed2ca / IdToken: 001 / tpAmb: 2 >
10/01/2020 13:11:05   	   < QRCode Layout: 4.00 / CodeQR: https://nfce.fazenda.mg.gov.br/portalnfce/sistema/qrcode.xhtml?p=31200110962965000119650010000003629075207790|2|2|10|4.89|555067496f4a7251517666716c4f4d6656722f75597330553130733d|1|26B93DE9F22B81C3D090DA82306A4F2FD13FE7AA >
10/01/2020 13:11:08   	   < QRCode CSC: 877cc0059175a344ee8598297cfed2ca / IdToken: 001 / tpAmb: 2 >
10/01/2020 13:11:08   	   < QRCode Layout: 4.00 / CodeQR: https://nfce.fazenda.mg.gov.br/portalnfce/sistema/qrcode.xhtml?p=31200110962965000119650010000003639510118749|2|2|10|4.89|66514b67352f49626b36693750674a504e6d5676755036752f44553d|1|D96158C9B0693D76D2B25FF39F714BA1E9E8D79F >
10/01/2020 13:13:43   	   < QRCode CSC: 877cc0059175a344ee8598297cfed2ca / IdToken: 001 / tpAmb: 2 >
10/01/2020 13:13:43   	   < QRCode Layout: 4.00 / CodeQR: https://nfce.fazenda.mg.gov.br/portalnfce/sistema/qrcode.xhtml?p=31200110962965000119650010000003659294053847|2|2|10|4.89|77386a61514e53486161795a7774546d7a42473132336573546d303d|1|E495FED6F90520C84F5D85533646A6D81B871BCF >
10/01/2020 13:16:19   	   < QRCode CSC: 877cc0059175a344ee8598297cfed2ca / IdToken: 001 / tpAmb: 2 >
10/01/2020 13:16:19   	   < QRCode Layout: 4.00 / CodeQR: https://nfce.fazenda.mg.gov.br/portalnfce/sistema/qrcode.xhtml?p=31200110962965000119650010000003679352687500|2|2|10|51.29|745430747847567352397044676465442f4e75334234334e7941513d|1|3F7823AB1DDFDE23883AACE2C4E88462BB15A12D >
10/01/2020 15:37:15   	   < QRCode CSC: 877cc0059175a344ee8598297cfed2ca / IdToken: 001 / tpAmb: 2 >
10/01/2020 15:37:15   	   < QRCode Layout: 4.00 / CodeQR: https://nfce.fazenda.mg.gov.br/portalnfce/sistema/qrcode.xhtml?p=31200110962965000119650010000003699689798062|2|2|10|14.34|49436754467057745778796e6252553646377530694274724b4d773d|1|8647DC9CB758539C0722DCC7FC0784BEF653D4D2 >
10/01/2020 15:37:36   	   < QRCode CSC: 877cc0059175a344ee8598297cfed2ca / IdToken: 001 / tpAmb: 2 >
10/01/2020 15:37:36   	   < QRCode Layout: 4.00 / CodeQR: https://nfce.fazenda.mg.gov.br/portalnfce/sistema/qrcode.xhtml?p=31200110962965000119650010000003719233001240|2|2|10|23.40|7356344469324756396469326951757738346a307957796f5246413d|1|8D4ABBE13D3B91B5F52C399B3FAF4B854BD8E794 >
10/01/2020 15:47:17   	   < QRCode CSC: 877cc0059175a344ee8598297cfed2ca / IdToken: 001 / tpAmb: 2 >
10/01/2020 15:47:17   	   < QRCode Layout: 4.00 / CodeQR: https://nfce.fazenda.mg.gov.br/portalnfce/sistema/qrcode.xhtml?p=31200110962965000119650010000003739628355031|2|2|10|146.39|65544d4f657561514c4f656b502f535142623736694576646937593d|1|C390A89D747F173F0FAC86EADEC89F0E8EB9B906 >
10/01/2020 15:47:35   	   < QRCode CSC: 877cc0059175a344ee8598297cfed2ca / IdToken: 001 / tpAmb: 2 >
10/01/2020 15:47:35   	   < QRCode Layout: 4.00 / CodeQR: https://nfce.fazenda.mg.gov.br/portalnfce/sistema/qrcode.xhtml?p=31200110962965000119650010000003759236627069|2|2|10|23.90|385a4f5648742f6d62652f4e7a714835584544716448444e7256553d|1|329F1C01824FE49D5D6FD73BF498C6F55EA468EA >
10/01/2020 15:48:04   	   < QRCode CSC: 877cc0059175a344ee8598297cfed2ca / IdToken: 001 / tpAmb: 2 >
10/01/2020 15:48:04   	   < QRCode Layout: 4.00 / CodeQR: https://nfce.fazenda.mg.gov.br/portalnfce/sistema/qrcode.xhtml?p=31200110962965000119650010000003779476546793|2|2|10|14.67|5a5831364148516f68482f61716a324335396c674766526a654d6f3d|1|C3838741E4F08D7B736F6FCB9686EA598084E8EA >
