09/01/2020 10:05:23   	   < QRCode CSC: 877cc0059175a344ee8598297cfed2ca / IdToken: 001 / tpAmb: 2 >
09/01/2020 10:05:23   	   < QRCode Layout: 4.00 / CodeQR: https://nfce.fazenda.mg.gov.br/portalnfce/sistema/qrcode.xhtml?p=31200110962965000119650010000002819342859379|2|2|09|159.00|6131316a37697a795169686b73386541643348464b6d57642f44593d|1|0CEC6D1DC8306C946FBA2FB10E06A8FC56E747EB >
09/01/2020 10:06:23   	   < QRCode CSC: 877cc0059175a344ee8598297cfed2ca / IdToken: 001 / tpAmb: 2 >
09/01/2020 10:06:23   	   < QRCode Layout: 4.00 / CodeQR: https://nfce.fazenda.mg.gov.br/portalnfce/sistema/qrcode.xhtml?p=31200110962965000119650010000002839876455525|2|2|09|15.00|45524856735738384e716b4f74426c4e45507349337370335a6d453d|1|39F5059FBBD19660CBBEB427E3224B7E758436C5 >
09/01/2020 10:29:52   	   < QRCode CSC: 877cc0059175a344ee8598297cfed2ca / IdToken: 001 / tpAmb: 2 >
09/01/2020 10:29:52   	   < QRCode Layout: 4.00 / CodeQR: https://nfce.fazenda.mg.gov.br/portalnfce/sistema/qrcode.xhtml?p=31200110962965000119650010000002879948672739|2|2|09|135.00|5041544c325855706744493169794730533335436851596b7144413d|1|B926CED987719127D232FCBC404F2C9491C7A055 >
09/01/2020 12:05:38   	   < QRCode CSC: 877cc0059175a344ee8598297cfed2ca / IdToken: 001 / tpAmb: 2 >
09/01/2020 12:05:38   	   < QRCode Layout: 4.00 / CodeQR: https://nfce.fazenda.mg.gov.br/portalnfce/sistema/qrcode.xhtml?p=31200110962965000119650010000002899514037523|2|2|09|180.00|55674a45327452676e4e6843786939434a766a54447a4d314331733d|1|F9A614C92D3673902E19B0625A168D7DD8D45E88 >
09/01/2020 13:00:08   	   < QRCode CSC: 877cc0059175a344ee8598297cfed2ca / IdToken: 001 / tpAmb: 2 >
09/01/2020 13:00:08   	   < QRCode Layout: 4.00 / CodeQR: https://nfce.fazenda.mg.gov.br/portalnfce/sistema/qrcode.xhtml?p=31200110962965000119650010000002979363052679|2|2|09|156.00|69364246615a2b4e65374f595471626853752f785a6f54586349633d|1|3152F2209375E0BFFEFEFA6EB71951E9BA923719 >
09/01/2020 13:03:44   	   < QRCode CSC: 877cc0059175a344ee8598297cfed2ca / IdToken: 001 / tpAmb: 2 >
09/01/2020 13:03:44   	   < QRCode Layout: 4.00 / CodeQR: https://nfce.fazenda.mg.gov.br/portalnfce/sistema/qrcode.xhtml?p=31200110962965000119650010000002999461443197|2|2|09|144.00|31624e694e334c39455770384346526938374a2f6244537830526f3d|1|B0815A67AFC3320F0BC108B98E793B031556C2B8 >
09/01/2020 13:14:18   	   < QRCode CSC: 877cc0059175a344ee8598297cfed2ca / IdToken: 001 / tpAmb: 2 >
09/01/2020 13:14:18   	   < QRCode Layout: 4.00 / CodeQR: https://nfce.fazenda.mg.gov.br/portalnfce/sistema/qrcode.xhtml?p=31200110962965000119650010000003019723001730|2|2|09|135.00|776f43577a4f475637644a79513649556c7474357944797763794d3d|1|15CBDE6E019BA96B92D2827A4EF52F94FC36E1F0 >
09/01/2020 13:25:58   	   < QRCode CSC: 877cc0059175a344ee8598297cfed2ca / IdToken: 001 / tpAmb: 2 >
09/01/2020 13:25:58   	   < QRCode Layout: 4.00 / CodeQR: https://nfce.fazenda.mg.gov.br/portalnfce/sistema/qrcode.xhtml?p=31200110962965000119650010000003079264141604|2|2|09|75.00|677170614f38726154424b6e444579595a6a436653666251716c303d|1|1314D3E337F9276BB87E7EE80B5BB9CB0D3F21F3 >
09/01/2020 13:29:02   	   < QRCode CSC: 877cc0059175a344ee8598297cfed2ca / IdToken: 001 / tpAmb: 2 >
09/01/2020 13:29:02   	   < QRCode Layout: 4.00 / CodeQR: https://nfce.fazenda.mg.gov.br/portalnfce/sistema/qrcode.xhtml?p=31200110962965000119650010000003099009067032|2|2|09|90.00|43386371366e68514f6a53423472716731482b524172506a56346b3d|1|F11FBFAC6D1901DA45DE1136AD5FD479EEFDF84E >
09/01/2020 13:30:43   	   < QRCode CSC: 877cc0059175a344ee8598297cfed2ca / IdToken: 001 / tpAmb: 2 >
09/01/2020 13:30:43   	   < QRCode Layout: 4.00 / CodeQR: https://nfce.fazenda.mg.gov.br/portalnfce/sistema/qrcode.xhtml?p=31200110962965000119650010000003119507017779|2|2|09|144.00|56575458564c2b687064643473676d77374a7948637630352f6a493d|1|FB7B98CA26D637F7549F2350329EA0C13248F738 >
09/01/2020 13:31:37   	   < QRCode CSC: 877cc0059175a344ee8598297cfed2ca / IdToken: 001 / tpAmb: 2 >
09/01/2020 13:31:37   	   < QRCode Layout: 4.00 / CodeQR: https://nfce.fazenda.mg.gov.br/portalnfce/sistema/qrcode.xhtml?p=31200110962965000119650010000003139355527677|2|2|09|15.00|336b684b434b3167577051595979504967335669783947587a70383d|1|48AD2878B9B15878893B30C1F06401E87AED2D3F >
09/01/2020 15:29:45   	   < QRCode CSC: 877cc0059175a344ee8598297cfed2ca / IdToken: 001 / tpAmb: 2 >
09/01/2020 15:29:45   	   < QRCode Layout: 4.00 / CodeQR: https://nfce.fazenda.mg.gov.br/portalnfce/sistema/qrcode.xhtml?p=31200110962965000119650010000003159540821769|2|2|09|312.00|35706f2b546d4a5536684b436c7237454c364d464e614a457a6a633d|1|E13C0E8BFD3D3552FD2E384A1DB4B5C038E08665 >
09/01/2020 15:30:00   	   < QRCode CSC: 877cc0059175a344ee8598297cfed2ca / IdToken: 001 / tpAmb: 2 >
09/01/2020 15:30:00   	   < QRCode Layout: 4.00 / CodeQR: https://nfce.fazenda.mg.gov.br/portalnfce/sistema/qrcode.xhtml?p=31200110962965000119650010000003169153930820|2|2|09|312.00|74304e6f6659544170334230783378514b6251784278544f5151453d|1|77CE0143A28FA15FDA47BD520B867321528A216D >
09/01/2020 15:30:23   	   < QRCode CSC: 877cc0059175a344ee8598297cfed2ca / IdToken: 001 / tpAmb: 2 >
09/01/2020 15:30:23   	   < QRCode Layout: 4.00 / CodeQR: https://nfce.fazenda.mg.gov.br/portalnfce/sistema/qrcode.xhtml?p=31200110962965000119650010000003189548727992|2|2|09|15.00|35633368306b4f552f684979314a7a5970415931564832505663413d|1|6EDBEEF6198BD4214BCB186E2E8DA1F7DF5B098B >
09/01/2020 15:30:25   	   < QRCode CSC: 877cc0059175a344ee8598297cfed2ca / IdToken: 001 / tpAmb: 2 >
09/01/2020 15:30:25   	   < QRCode Layout: 4.00 / CodeQR: https://nfce.fazenda.mg.gov.br/portalnfce/sistema/qrcode.xhtml?p=31200110962965000119650010000003199261633272|2|2|09|15.00|724e3269393562742f494734416b5671425162574b6c4952642b773d|1|EF526002CFA0B949EFA237350820EBF529A5A762 >
09/01/2020 15:30:42   	   < QRCode CSC: 877cc0059175a344ee8598297cfed2ca / IdToken: 001 / tpAmb: 2 >
09/01/2020 15:30:42   	   < QRCode Layout: 4.00 / CodeQR: https://nfce.fazenda.mg.gov.br/portalnfce/sistema/qrcode.xhtml?p=31200110962965000119650010000003219579155147|2|2|09|45.00|73463531484e394c43336b506c444661757a344e724d4f504d59343d|1|9740661D43E21265AAF3C244928CF2E8F7C07FF4 >
09/01/2020 15:30:43   	   < QRCode CSC: 877cc0059175a344ee8598297cfed2ca / IdToken: 001 / tpAmb: 2 >
09/01/2020 15:30:43   	   < QRCode Layout: 4.00 / CodeQR: https://nfce.fazenda.mg.gov.br/portalnfce/sistema/qrcode.xhtml?p=31200110962965000119650010000003229556099256|2|2|09|45.00|5052526531567348506a4d6c744c38736177766e396679774848303d|1|8E585BAF39389FB3C090766B68AFC341E793D1BC >
09/01/2020 15:35:39   	   < QRCode CSC: 877cc0059175a344ee8598297cfed2ca / IdToken: 001 / tpAmb: 2 >
09/01/2020 15:35:39   	   < QRCode Layout: 4.00 / CodeQR: https://nfce.fazenda.mg.gov.br/portalnfce/sistema/qrcode.xhtml?p=31200110962965000119650010000003249953331800|2|2|09|96.00|7435395776712b6b34754b4b38464f564d466f7339334b454658733d|1|F355609FFF5397723596F9E82805C028C9A8407C >
09/01/2020 15:35:58   	   < QRCode CSC: 877cc0059175a344ee8598297cfed2ca / IdToken: 001 / tpAmb: 2 >
09/01/2020 15:35:58   	   < QRCode Layout: 4.00 / CodeQR: https://nfce.fazenda.mg.gov.br/portalnfce/sistema/qrcode.xhtml?p=31200110962965000119650010000003269176882152|2|2|09|15.00|31634f335766656a3172646c342f67586f675944385477304467493d|1|8E64F41CAA2997E9884B9971918A221B06B15BC9 >
09/01/2020 15:36:21   	   < QRCode CSC: 877cc0059175a344ee8598297cfed2ca / IdToken: 001 / tpAmb: 2 >
09/01/2020 15:36:21   	   < QRCode Layout: 4.00 / CodeQR: https://nfce.fazenda.mg.gov.br/portalnfce/sistema/qrcode.xhtml?p=31200110962965000119650010000003289042912159|2|2|09|90.00|4161645873784936672f646e4569616d7763426748486f484878553d|1|4A6D7EA226C35B58D6C02BBA60EFCA893B352885 >
09/01/2020 16:44:11   	   < QRCode CSC: 877cc0059175a344ee8598297cfed2ca / IdToken: 001 / tpAmb: 2 >
09/01/2020 16:44:11   	   < QRCode Layout: 4.00 / CodeQR: https://nfce.fazenda.mg.gov.br/portalnfce/sistema/qrcode.xhtml?p=31200110962965000119650010000003309641157100|2|2|09|144.00|52745a32674e6141504e6f435431486471324e396839716166496f3d|1|B05919C75D1F204E7012FFA694D2045F150FF86D >
09/01/2020 16:44:34   	   < QRCode CSC: 877cc0059175a344ee8598297cfed2ca / IdToken: 001 / tpAmb: 2 >
09/01/2020 16:44:34   	   < QRCode Layout: 4.00 / CodeQR: https://nfce.fazenda.mg.gov.br/portalnfce/sistema/qrcode.xhtml?p=31200110962965000119650010000003329361172104|2|2|09|135.00|68446c6e6e75303972794f6168716750426d457372356a4c7661593d|1|55DF7C61E40539E540B3BBE5BAEA62288E25F065 >
09/01/2020 16:45:03   	   < QRCode CSC: 877cc0059175a344ee8598297cfed2ca / IdToken: 001 / tpAmb: 2 >
09/01/2020 16:45:03   	   < QRCode Layout: 4.00 / CodeQR: https://nfce.fazenda.mg.gov.br/portalnfce/sistema/qrcode.xhtml?p=31200110962965000119650010000003349088826139|2|2|09|15.00|79514f326a4657696f4637793344784e624743696e31546534686b3d|1|B618E8E1D08664D5DFFC8975F04141AFBD7C4B46 >
09/01/2020 17:38:27   	   < QRCode CSC: 877cc0059175a344ee8598297cfed2ca / IdToken: 001 / tpAmb: 2 >
09/01/2020 17:38:27   	   < QRCode Layout: 4.00 / CodeQR: https://nfce.fazenda.mg.gov.br/portalnfce/sistema/qrcode.xhtml?p=31200110962965000119650010000003369713952827|2|2|09|45.00|7657336d544f3657786c36412f696e335a436c6c342b637a724f593d|1|7828A8105B7B2625379D06F092AF784A93113B70 >
09/01/2020 17:38:45   	   < QRCode CSC: 877cc0059175a344ee8598297cfed2ca / IdToken: 001 / tpAmb: 2 >
09/01/2020 17:38:45   	   < QRCode Layout: 4.00 / CodeQR: https://nfce.fazenda.mg.gov.br/portalnfce/sistema/qrcode.xhtml?p=31200110962965000119650010000003389411583696|2|2|09|144.00|766b787867734d2f526965357548516137507861625050334c39303d|1|3BF25B40D05CE1F880050590F313ED140567E63F >
