06/01/2020 10:25:23   	   < QRCode CSC: 877cc0059175a344ee8598297cfed2ca / IdToken: 001 / tpAmb: 2 >
06/01/2020 10:25:23   	   < QRCode Layout: 4.00 / CodeQR: https://nfce.fazenda.mg.gov.br/portalnfce/sistema/qrcode.xhtml?p=31200110962965000119650010000002329689197179|2|2|06|144.00|55446b4c7441682f4739736e504f73524e58712f797a594f5335733d|1|E796A79AFA50E05F409E98BBA3E59EFC93F49DD0 >
06/01/2020 13:00:55   	   < QRCode CSC: 877cc0059175a344ee8598297cfed2ca / IdToken: 001 / tpAmb: 2 >
06/01/2020 13:00:55   	   < QRCode Layout: 4.00 / CodeQR: https://nfce.fazenda.mg.gov.br/portalnfce/sistema/qrcode.xhtml?p=31200110962965000119650010000002369275680451|2|2|06|15.00|5166424157452f64497a773537474f7a594658585a70334d3564773d|1|CAC2E4E530332BC57E2B98DA9ABE3A17E59889AB >
06/01/2020 13:01:21   	   < QRCode CSC: 877cc0059175a344ee8598297cfed2ca / IdToken: 001 / tpAmb: 2 >
06/01/2020 13:01:21   	   < QRCode Layout: 4.00 / CodeQR: https://nfce.fazenda.mg.gov.br/portalnfce/sistema/qrcode.xhtml?p=31200110962965000119650010000002389197474946|2|2|06|144.00|30673065504842376959774153304b7143717162376f74494453513d|1|2F94FFD7E876F3A763543021181E152B402CE20D >
06/01/2020 16:52:08   	   < QRCode CSC: 877cc0059175a344ee8598297cfed2ca / IdToken: 001 / tpAmb: 2 >
06/01/2020 16:52:08   	   < QRCode Layout: 4.00 / CodeQR: https://nfce.fazenda.mg.gov.br/portalnfce/sistema/qrcode.xhtml?p=31200110962965000119650010000002409779002867|2|2|06|15.00|6143763968704c733837424453536c736b48736543656f682b66453d|1|48100EDADCD12D3CF2CC812309E1578C8DAC394B >
06/01/2020 16:57:05   	   < QRCode CSC: 877cc0059175a344ee8598297cfed2ca / IdToken: 001 / tpAmb: 2 >
06/01/2020 16:57:05   	   < QRCode Layout: 4.00 / CodeQR: https://nfce.fazenda.mg.gov.br/portalnfce/sistema/qrcode.xhtml?p=31200110962965000119650010000002429898250508|2|2|06|75.00|732f33323255435939575562326857566a756d614e3838304574773d|1|43C979DFF64133F7037835AAD5293B809DB0FCC6 >
06/01/2020 16:59:49   	   < QRCode CSC: 877cc0059175a344ee8598297cfed2ca / IdToken: 001 / tpAmb: 2 >
06/01/2020 16:59:49   	   < QRCode Layout: 4.00 / CodeQR: https://nfce.fazenda.mg.gov.br/portalnfce/sistema/qrcode.xhtml?p=31200110962965000119650010000002449244584002|2|2|06|60.00|3551482b4f5964344f716f7153384e41526c716558434b35726e4d3d|1|9045E86125690E56017C7491367D6C5C578285BB >
06/01/2020 17:09:56   	   < QRCode CSC: 877cc0059175a344ee8598297cfed2ca / IdToken: 001 / tpAmb: 2 >
06/01/2020 17:09:56   	   < QRCode Layout: 4.00 / CodeQR: https://nfce.fazenda.mg.gov.br/portalnfce/sistema/qrcode.xhtml?p=31200110962965000119650010000002469235068441|2|2|06|300.00|3331776244394e6b4174346f494c77322b67475a344c33525675513d|1|CF5583530CD23D6F1CB346BAA6D5992777F1DE80 >
06/01/2020 17:35:39   	   < QRCode CSC: 877cc0059175a344ee8598297cfed2ca / IdToken: 001 / tpAmb: 2 >
06/01/2020 17:35:39   	   < QRCode Layout: 4.00 / CodeQR: https://nfce.fazenda.mg.gov.br/portalnfce/sistema/qrcode.xhtml?p=31200110962965000119650010000002489598589074|2|2|06|90.00|65434c535a4f586e317a7043626f6d684f6d6937464e54515632413d|1|A335CB447E375335C06D9A85D830954D75F906E5 >
06/01/2020 17:45:30   	   < QRCode CSC: 877cc0059175a344ee8598297cfed2ca / IdToken: 001 / tpAmb: 2 >
06/01/2020 17:45:30   	   < QRCode Layout: 4.00 / CodeQR: https://nfce.fazenda.mg.gov.br/portalnfce/sistema/qrcode.xhtml?p=31200110962965000119650010000002509457248457|2|2|06|60.00|2f62773157733132572b683752706c72723630504f72304e666f4d3d|1|D494A25EEB8E94F679FE70438031408A4C0A50CC >
06/01/2020 18:32:52   	   < QRCode CSC: 877cc0059175a344ee8598297cfed2ca / IdToken: 001 / tpAmb: 2 >
06/01/2020 18:32:52   	   < QRCode Layout: 4.00 / CodeQR: https://nfce.fazenda.mg.gov.br/portalnfce/sistema/qrcode.xhtml?p=31200110962965000119650010000002549755405614|2|2|06|60.00|2b7670776b6736794e30382f315836424f366e736a6739395773343d|1|71884E2DE472B089777761A172597A4EBC94362F >
