14/11/2019 12:59:05   	   < QRCode CSC: 877cc0059175a344ee8598297cfed2ca / IdToken: 001 / tpAmb: 2 >
14/11/2019 12:59:05   	   < QRCode Layout: 4.00 / CodeQR: https://nfce.fazenda.mg.gov.br/portalnfce/sistema/qrcode.xhtml?p=31191110962965000119650010000000699979648556|2|2|14|70.00|5651534b4a30572f4732616b6d706c635a4d4b65515145376f36593d|1|9D55539FB2568E871C3CD40B65B63D70D3ED7CAF >
14/11/2019 13:00:06   	   < QRCode CSC: 877cc0059175a344ee8598297cfed2ca / IdToken: 001 / tpAmb: 2 >
14/11/2019 13:00:06   	   < QRCode Layout: 4.00 / CodeQR: https://nfce.fazenda.mg.gov.br/portalnfce/sistema/qrcode.xhtml?p=31191110962965000119650010000000719245722082|2|2|14|270.00|6d64384a466e6342747a30692f71587066496f6b625233446473513d|1|01E1E56041760BF34FC5751B7BD35345D3BD1AC0 >
14/11/2019 15:40:56   	   < QRCode CSC: 877cc0059175a344ee8598297cfed2ca / IdToken: 001 / tpAmb: 2 >
14/11/2019 15:40:56   	   < QRCode Layout: 4.00 / CodeQR: https://nfce.fazenda.mg.gov.br/portalnfce/sistema/qrcode.xhtml?p=31191110962965000119650010000000809881926970|2|2|14|140.00|3572536150522f464465506357664965586d46616b5330394d31303d|1|405A0B2284341CFA149C04B96E9DD3172ACD1930 >
14/11/2019 15:43:04   	   < QRCode CSC: 877cc0059175a344ee8598297cfed2ca / IdToken: 001 / tpAmb: 2 >
14/11/2019 15:43:04   	   < QRCode Layout: 4.00 / CodeQR: https://nfce.fazenda.mg.gov.br/portalnfce/sistema/qrcode.xhtml?p=31191110962965000119650010000000829707223280|2|2|14|400.00|7a4461433132785559476368674b6e3459317379786c534b6b41343d|1|4F2A26A58DBE1B422F7B74DFE0977A5EA3C0DE80 >
14/11/2019 15:45:36   	   < QRCode CSC: 877cc0059175a344ee8598297cfed2ca / IdToken: 001 / tpAmb: 2 >
14/11/2019 15:45:36   	   < QRCode Layout: 4.00 / CodeQR: https://nfce.fazenda.mg.gov.br/portalnfce/sistema/qrcode.xhtml?p=31191110962965000119650010000000849534287863|2|2|14|280.00|512f685a636f2b4748385949687731794d68503857612f333665513d|1|8C5C29CC3D705EE6BCB8CC735718407417DAE902 >
14/11/2019 15:46:05   	   < QRCode CSC: 877cc0059175a344ee8598297cfed2ca / IdToken: 001 / tpAmb: 2 >
14/11/2019 15:46:05   	   < QRCode Layout: 4.00 / CodeQR: https://nfce.fazenda.mg.gov.br/portalnfce/sistema/qrcode.xhtml?p=31191110962965000119650010000000869006916709|2|2|14|400.00|544c6a57752b6534686e717a502b494f78456f536e3838494566453d|1|E42EF62E03ADE91F6282D663C30C9EE3DA65BE82 >
14/11/2019 15:47:42   	   < QRCode CSC: 877cc0059175a344ee8598297cfed2ca / IdToken: 001 / tpAmb: 2 >
14/11/2019 15:47:42   	   < QRCode Layout: 4.00 / CodeQR: https://nfce.fazenda.mg.gov.br/portalnfce/sistema/qrcode.xhtml?p=31191110962965000119650010000000889562863210|2|2|14|70.00|6a45656477576173384245303872717971307a70712b5235434d593d|1|98F8B2D293C94577EB01AD3D8696DE2FDD6D3A49 >
14/11/2019 15:48:27   	   < QRCode CSC: 877cc0059175a344ee8598297cfed2ca / IdToken: 001 / tpAmb: 2 >
14/11/2019 15:48:27   	   < QRCode Layout: 4.00 / CodeQR: https://nfce.fazenda.mg.gov.br/portalnfce/sistema/qrcode.xhtml?p=31191110962965000119650010000000909912612634|2|2|14|1970.00|514a6d4b3763794b306a77352b2b6c6f30585735567744535976733d|1|8008F517B49BAF80A654334432B18CAD5958ACC0 >
14/11/2019 16:07:06   	   < QRCode CSC: 877cc0059175a344ee8598297cfed2ca / IdToken: 001 / tpAmb: 2 >
14/11/2019 16:07:06   	   < QRCode Layout: 4.00 / CodeQR: https://nfce.fazenda.mg.gov.br/portalnfce/sistema/qrcode.xhtml?p=31191110962965000119650010000000949121725238|2|2|14|1700.00|5a574c2f70376a514d686f6d4f6b2f344b6570375934744858596f3d|1|B21E78477FE32E003A7DA3469FAB3B50A8F18A6D >
14/11/2019 16:38:00   	   < QRCode CSC: 877cc0059175a344ee8598297cfed2ca / IdToken: 001 / tpAmb: 2 >
14/11/2019 16:38:00   	   < QRCode Layout: 4.00 / CodeQR: https://nfce.fazenda.mg.gov.br/portalnfce/sistema/qrcode.xhtml?p=31191110962965000119650010000000969884280281|2|2|14|12.00|5136447261444d416a4d33686b463352707036716e4c6264457a493d|1|46CAC69AEAE0F610000EBBA39701B3A90C2E583A >
