05/11/2019 09:03:04   	   < QRCode CSC: 877cc0059175a344ee8598297cfed2ca / IdToken: 001 / tpAmb: 2 >
05/11/2019 09:03:04   	   < QRCode Layout: 4.00 / CodeQR: https://nfce.fazenda.mg.gov.br/portalnfce/sistema/qrcode.xhtml?p=31191110962965000119650010000000259338306396|2|2|05|200.00|724d4a386764687547506d5438575a744257304148777143377a413d|1|2EC04D16A0BAE46992A18FC2C61128770403EA5B >
05/11/2019 09:05:23   	   < QRCode CSC: 877cc0059175a344ee8598297cfed2ca / IdToken: 001 / tpAmb: 2 >
05/11/2019 09:05:23   	   < QRCode Layout: 4.00 / CodeQR: https://nfce.fazenda.mg.gov.br/portalnfce/sistema/qrcode.xhtml?p=31191110962965000119650010000000279881453544|2|2|05|1700.00|2f6355752f776e4f7a3651303237425151576d686f6a736947636f3d|1|C8EEEF60B70265D4616288F8A15FED3032A356CD >
05/11/2019 10:29:51   	   < QRCode CSC: 877cc0059175a344ee8598297cfed2ca / IdToken: 001 / tpAmb: 2 >
05/11/2019 10:29:51   	   < QRCode Layout: 4.00 / CodeQR: https://nfce.fazenda.mg.gov.br/portalnfce/sistema/qrcode.xhtml?p=31191110962965000119650010000000299168454810|2|2|05|400.00|7778616d6e67594f71675278557a59395a382b73745363445342513d|1|8F818E3298A9C7359EF8DFEBDBF9E6ECF80D4857 >
05/11/2019 10:32:23   	   < QRCode CSC: 877cc0059175a344ee8598297cfed2ca / IdToken: 001 / tpAmb: 2 >
05/11/2019 10:32:23   	   < QRCode Layout: 4.00 / CodeQR: https://nfce.fazenda.mg.gov.br/portalnfce/sistema/qrcode.xhtml?p=31191110962965000119650010000000319997026122|2|2|05|210.00|6c6e2b517853545663786e467073437671746b363844772b366c413d|1|198BBCBDA541FFD7F8BA7465E49DDBC7BDF62569 >
05/11/2019 10:36:32   	   < QRCode CSC: 877cc0059175a344ee8598297cfed2ca / IdToken: 001 / tpAmb: 2 >
05/11/2019 10:36:32   	   < QRCode Layout: 4.00 / CodeQR: https://nfce.fazenda.mg.gov.br/portalnfce/sistema/qrcode.xhtml?p=31191110962965000119650010000000339496332225|2|2|05|600.00|55547a344d3477794b546c6543564642666557624669534c424d4d3d|1|ABD54729418C05FA4547B5E8CFDDC10A93E7C0B3 >
05/11/2019 10:50:31   	   < QRCode CSC: 877cc0059175a344ee8598297cfed2ca / IdToken: 001 / tpAmb: 2 >
05/11/2019 10:50:31   	   < QRCode Layout: 4.00 / CodeQR: https://nfce.fazenda.mg.gov.br/portalnfce/sistema/qrcode.xhtml?p=31191110962965000119650010000000359283064074|2|2|05|140.00|5877667370574e6442736746556254347162557554326d354455773d|1|70009E04A5144B8466DEF0126FFD4456631855C6 >
05/11/2019 11:20:44   	   < QRCode CSC: 877cc0059175a344ee8598297cfed2ca / IdToken: 001 / tpAmb: 2 >
05/11/2019 11:20:44   	   < QRCode Layout: 4.00 / CodeQR: https://nfce.fazenda.mg.gov.br/portalnfce/sistema/qrcode.xhtml?p=31191110962965000119650010000000379110166910|2|2|05|600.00|6f5767354d6c64504259734a7575327957315831794d4233526e6f3d|1|BFD3AAFD549DE9E6A767170C9171810DDB36291B >
05/11/2019 11:22:31   	   < QRCode CSC: 877cc0059175a344ee8598297cfed2ca / IdToken: 001 / tpAmb: 2 >
05/11/2019 11:22:31   	   < QRCode Layout: 4.00 / CodeQR: https://nfce.fazenda.mg.gov.br/portalnfce/sistema/qrcode.xhtml?p=31191110962965000119650010000000399009731734|2|2|05|70.00|33397255316e534c4c5042474c73654f352b6b6447414433586c453d|1|2835ABE32E126354E373A241A27DED471B70DDB9 >
05/11/2019 11:26:41   	   < QRCode CSC: 877cc0059175a344ee8598297cfed2ca / IdToken: 001 / tpAmb: 2 >
05/11/2019 11:26:41   	   < QRCode Layout: 4.00 / CodeQR: https://nfce.fazenda.mg.gov.br/portalnfce/sistema/qrcode.xhtml?p=31191110962965000119650010000000419262875097|2|2|05|70.00|556a6d764b6d505348776a624f64312f726c38417263726655684d3d|1|530F4F9FF6091A66D7175CB779EE5D3561AE47A0 >
05/11/2019 11:39:23   	   < QRCode CSC: 877cc0059175a344ee8598297cfed2ca / IdToken: 001 / tpAmb: 2 >
05/11/2019 11:39:23   	   < QRCode Layout: 4.00 / CodeQR: https://nfce.fazenda.mg.gov.br/portalnfce/sistema/qrcode.xhtml?p=31191110962965000119650010000000459517301340|2|2|05|70.00|2b6837496d6a4f5858705a643559575a68583152766a35613456453d|1|8F64080F1A1CF2648107D6162EB3E806ADA83C6E >
05/11/2019 12:02:04   	   < QRCode CSC: 877cc0059175a344ee8598297cfed2ca / IdToken: 001 / tpAmb: 2 >
05/11/2019 12:02:04   	   < QRCode Layout: 4.00 / CodeQR: https://nfce.fazenda.mg.gov.br/portalnfce/sistema/qrcode.xhtml?p=31191110962965000119650010000000499039232406|2|2|05|70.00|556936364d4c565870594544586e64486b55354b63446f657148343d|1|10761D902662CE2E83F72658235942835065B108 >
05/11/2019 12:29:25   	   < QRCode CSC: 877cc0059175a344ee8598297cfed2ca / IdToken: 001 / tpAmb: 2 >
05/11/2019 12:29:25   	   < QRCode Layout: 4.00 / CodeQR: https://nfce.fazenda.mg.gov.br/portalnfce/sistema/qrcode.xhtml?p=31191110962965000119650010000000519181695257|2|2|05|1700.00|76786942466b6c586e7a784642796b4542794174487235344347553d|1|DD378AA09E477D7965BE68B2B8E3B888267A6736 >
