31/12/2019 08:46:28   	   < QRCode CSC: 877cc0059175a344ee8598297cfed2ca / IdToken: 001 / tpAmb: 2 >
31/12/2019 08:46:28   	   < QRCode Layout: 4.00 / CodeQR: https://nfce.fazenda.mg.gov.br/portalnfce/sistema/qrcode.xhtml?p=31191210962965000119650010000001569000061701|2|2|31|144.00|6574694f70596938537436616e2b67476a706d4d6563506f7348343d|1|94A23D37B15984383C2251152C96F77EDF3A43FC >
31/12/2019 08:59:12   	   < QRCode CSC: 877cc0059175a344ee8598297cfed2ca / IdToken: 001 / tpAmb: 2 >
31/12/2019 08:59:12   	   < QRCode Layout: 4.00 / CodeQR: https://nfce.fazenda.mg.gov.br/portalnfce/sistema/qrcode.xhtml?p=31191210962965000119650010000001609146718066|2|2|31|15.00|45632f4663576161356f4765653065633038716f503564352f466b3d|1|7DEBB24959296668BBEFF29264F3EC6A95B50C79 >
31/12/2019 09:02:41   	   < QRCode CSC: 877cc0059175a344ee8598297cfed2ca / IdToken: 001 / tpAmb: 2 >
31/12/2019 09:02:41   	   < QRCode Layout: 4.00 / CodeQR: https://nfce.fazenda.mg.gov.br/portalnfce/sistema/qrcode.xhtml?p=31191210962965000119650010000001629148305081|2|2|31|15.00|476c6f5338486d515659455877667a75386f5067494b33466873493d|1|98913F553871D2A1E158E574FAD35C806DE450EC >
31/12/2019 12:32:11   	   < QRCode CSC: 877cc0059175a344ee8598297cfed2ca / IdToken: 001 / tpAmb: 2 >
31/12/2019 12:32:11   	   < QRCode Layout: 4.00 / CodeQR: https://nfce.fazenda.mg.gov.br/portalnfce/sistema/qrcode.xhtml?p=31191210962965000119650010000000941198337567|2|2|1|CD31E5BEBF415369215AB8B2792F67EE50FED2D0 >
31/12/2019 12:33:04   	   < QRCode CSC: 877cc0059175a344ee8598297cfed2ca / IdToken: 001 / tpAmb: 2 >
31/12/2019 12:33:04   	   < QRCode Layout: 4.00 / CodeQR: https://nfce.fazenda.mg.gov.br/portalnfce/sistema/qrcode.xhtml?p=31191210962965000119650010000000941198337567|2|2|1|CD31E5BEBF415369215AB8B2792F67EE50FED2D0 >
31/12/2019 12:34:25   	   < QRCode CSC: 877cc0059175a344ee8598297cfed2ca / IdToken: 001 / tpAmb: 2 >
31/12/2019 12:34:25   	   < QRCode Layout: 4.00 / CodeQR: https://nfce.fazenda.mg.gov.br/portalnfce/sistema/qrcode.xhtml?p=31191210962965000119650010000000999687622070|2|2|31|15.00|684248694164327939682f32504c35756f2b4a4453414c76446a773d|1|747B051FA1A5573EA998BA7F9A46685C079956C5 >
31/12/2019 12:38:31   	   < QRCode CSC: 877cc0059175a344ee8598297cfed2ca / IdToken: 001 / tpAmb: 2 >
31/12/2019 12:38:31   	   < QRCode Layout: 4.00 / CodeQR: https://nfce.fazenda.mg.gov.br/portalnfce/sistema/qrcode.xhtml?p=31191210962965000119650010000002029287570008|2|2|31|15.00|53534b6c6b374c706738305a7247596b4c47344f46304e54436d733d|1|B43FE2B71DF2E4366D8BA799F84F90465EAAF197 >
31/12/2019 12:50:35   	   < QRCode CSC: 877cc0059175a344ee8598297cfed2ca / IdToken: 001 / tpAmb: 2 >
31/12/2019 12:50:35   	   < QRCode Layout: 4.00 / CodeQR: https://nfce.fazenda.mg.gov.br/portalnfce/sistema/qrcode.xhtml?p=31191210962965000119650010000002011014079162|2|2|1|995046181277CD1A4BFCA1E41CB8B50DCBC2DA11 >
31/12/2019 12:53:18   	   < QRCode CSC: 877cc0059175a344ee8598297cfed2ca / IdToken: 001 / tpAmb: 2 >
31/12/2019 12:53:18   	   < QRCode Layout: 4.00 / CodeQR: https://nfce.fazenda.mg.gov.br/portalnfce/sistema/qrcode.xhtml?p=31191210962965000119650010000002011014079162|2|2|1|995046181277CD1A4BFCA1E41CB8B50DCBC2DA11 >
31/12/2019 12:59:25   	   < QRCode CSC: 877cc0059175a344ee8598297cfed2ca / IdToken: 001 / tpAmb: 2 >
31/12/2019 12:59:25   	   < QRCode Layout: 4.00 / CodeQR: https://nfce.fazenda.mg.gov.br/portalnfce/sistema/qrcode.xhtml?p=31191210962965000119650010000002049194413438|2|2|31|15.00|6573354f6630666a49366378797a45453631766666695053646e4d3d|1|5D457D494A69B95BE1DAAED00B9C2D56A2FEA3DF >
31/12/2019 13:16:25   	   < QRCode CSC: 877cc0059175a344ee8598297cfed2ca / IdToken: 001 / tpAmb: 2 >
31/12/2019 13:16:25   	   < QRCode Layout: 4.00 / CodeQR: https://nfce.fazenda.mg.gov.br/portalnfce/sistema/qrcode.xhtml?p=31191210962965000119650010000002069837442901|2|2|31|15.00|653361596530442b46484d4a4f75726c6a634f55384d34514158773d|1|0652CB73A91C0BF053650B858010CA3AF04349D8 >
31/12/2019 13:21:16   	   < QRCode CSC: 877cc0059175a344ee8598297cfed2ca / IdToken: 001 / tpAmb: 2 >
31/12/2019 13:21:16   	   < QRCode Layout: 4.00 / CodeQR: https://nfce.fazenda.mg.gov.br/portalnfce/sistema/qrcode.xhtml?p=31191210962965000119650010000002011014079162|2|2|1|995046181277CD1A4BFCA1E41CB8B50DCBC2DA11 >
31/12/2019 13:22:17   	   < QRCode CSC: 877cc0059175a344ee8598297cfed2ca / IdToken: 001 / tpAmb: 2 >
31/12/2019 13:22:17   	   < QRCode Layout: 4.00 / CodeQR: https://nfce.fazenda.mg.gov.br/portalnfce/sistema/qrcode.xhtml?p=31191210962965000119650010000002011014079162|2|2|1|995046181277CD1A4BFCA1E41CB8B50DCBC2DA11 >
31/12/2019 13:22:52   	   < QRCode CSC: 877cc0059175a344ee8598297cfed2ca / IdToken: 001 / tpAmb: 2 >
31/12/2019 13:22:52   	   < QRCode Layout: 4.00 / CodeQR: https://nfce.fazenda.mg.gov.br/portalnfce/sistema/qrcode.xhtml?p=31191210962965000119650010000002011014079162|2|2|1|995046181277CD1A4BFCA1E41CB8B50DCBC2DA11 >
31/12/2019 13:23:48   	   < QRCode CSC: 877cc0059175a344ee8598297cfed2ca / IdToken: 001 / tpAmb: 2 >
31/12/2019 13:23:48   	   < QRCode Layout: 4.00 / CodeQR: https://nfce.fazenda.mg.gov.br/portalnfce/sistema/qrcode.xhtml?p=31191210962965000119650010000002011014079162|2|2|1|995046181277CD1A4BFCA1E41CB8B50DCBC2DA11 >
31/12/2019 13:23:56   	   < QRCode CSC: 877cc0059175a344ee8598297cfed2ca / IdToken: 001 / tpAmb: 2 >
31/12/2019 13:23:56   	   < QRCode Layout: 4.00 / CodeQR: https://nfce.fazenda.mg.gov.br/portalnfce/sistema/qrcode.xhtml?p=31191210962965000119650010000002011014079162|2|2|1|995046181277CD1A4BFCA1E41CB8B50DCBC2DA11 >
31/12/2019 15:34:01   	   < QRCode CSC: 877cc0059175a344ee8598297cfed2ca / IdToken: 001 / tpAmb: 2 >
31/12/2019 15:34:01   	   < QRCode Layout: 4.00 / CodeQR: https://nfce.fazenda.mg.gov.br/portalnfce/sistema/qrcode.xhtml?p=31191210962965000119650010000002011014079162|2|2|1|995046181277CD1A4BFCA1E41CB8B50DCBC2DA11 >
31/12/2019 15:35:39   	   < QRCode CSC: 877cc0059175a344ee8598297cfed2ca / IdToken: 001 / tpAmb: 2 >
31/12/2019 15:35:39   	   < QRCode Layout: 4.00 / CodeQR: https://nfce.fazenda.mg.gov.br/portalnfce/sistema/qrcode.xhtml?p=31191210962965000119650010000002011014079162|2|2|1|995046181277CD1A4BFCA1E41CB8B50DCBC2DA11 >
31/12/2019 15:36:34   	   < QRCode CSC: 877cc0059175a344ee8598297cfed2ca / IdToken: 001 / tpAmb: 2 >
31/12/2019 15:36:34   	   < QRCode Layout: 4.00 / CodeQR: https://nfce.fazenda.mg.gov.br/portalnfce/sistema/qrcode.xhtml?p=31191210962965000119650010000002011014079162|2|2|1|995046181277CD1A4BFCA1E41CB8B50DCBC2DA11 >
31/12/2019 15:36:48   	   < QRCode CSC: 877cc0059175a344ee8598297cfed2ca / IdToken: 001 / tpAmb: 2 >
31/12/2019 15:36:48   	   < QRCode Layout: 4.00 / CodeQR: https://nfce.fazenda.mg.gov.br/portalnfce/sistema/qrcode.xhtml?p=31191210962965000119650010000002011014079162|2|2|1|995046181277CD1A4BFCA1E41CB8B50DCBC2DA11 >
